
209: !(looks_like_number($self->queues->{$queue}->{'amqp_props'->{$pr ...
                        ^
209: !(looks_like_number($self->queues->{$queue}->{'amqp_props'->{$pr ...
                                                  ^
209: ... es->{$queue}->{'amqp_props'->{$prop}))
                                             ^
Found 1 extra '{' between '(' on line 209 and ')' on line 209
    The most recent un-matched '{' is on line 209

209: !(looks_like_number($self->queues->{$queue}->{'amqp_props'->{$pr ...
      ^
209: !(looks_like_number($self->queues->{$queue}->{'amqp_props'->{$pr ...
                                                  ^
209: ... s->{$queue}->{'amqp_props'->{$prop}))
                                             ^
Found 1 extra '{' between '(' on line 209 and ')' on line 209
    The most recent un-matched '{' is on line 209

208: if (
        ^
209: !(looks_like_number($self->queues->{$queue}->{'amqp_props'->{$pr ...
                                                  ^
210: )
     ^
Found 1 extra '{' between '(' on line 208 and ')' on line 210
    The most recent un-matched '{' is on line 209
526:	final indentation level: 1

Final nesting depth of '{'s is 1
The most recent un-matched '{' is on line 58
58: sub BUILD {
              ^
526:	To save a full .LOG file rerun with -g
